05/05/24 08:30:57 v1.34.5 @ BF-202311091243, 
05/05/24 08:30:57 v1.34.5 @ BF-202311091243, ****************************
05/05/24 08:30:57 v1.34.5 @ BF-202311091243, Starting factorization of 23333333333333
05/05/24 08:30:57 v1.34.5 @ BF-202311091243, using pretesting plan: normal
05/05/24 08:30:57 v1.34.5 @ BF-202311091243, no tune info: using qs/gnfs crossover of 95 digits
05/05/24 08:30:57 v1.34.5 @ BF-202311091243, ****************************
05/05/24 08:30:57 v1.34.5 @ BF-202311091243, div: found prime factor = 31
05/05/24 08:30:57 v1.34.5 @ BF-202311091243, prp12 = 752688172043
05/05/24 08:30:57 v1.34.5 @ BF-202311091243, Total factoring time = 0.0040 seconds
05/05/24 08:32:29 v1.34.5 @ BF-202311091243, 
05/05/24 08:32:29 v1.34.5 @ BF-202311091243, ****************************
05/05/24 08:32:29 v1.34.5 @ BF-202311091243, Starting factorization of 23333333333333
05/05/24 08:32:29 v1.34.5 @ BF-202311091243, using pretesting plan: normal
05/05/24 08:32:29 v1.34.5 @ BF-202311091243, no tune info: using qs/gnfs crossover of 95 digits
05/05/24 08:32:29 v1.34.5 @ BF-202311091243, ****************************
05/05/24 08:32:29 v1.34.5 @ BF-202311091243, div: found prime factor = 31
05/05/24 08:32:29 v1.34.5 @ BF-202311091243, prp12 = 752688172043
05/05/24 08:32:29 v1.34.5 @ BF-202311091243, Total factoring time = 0.0050 seconds
06/01/24 10:09:46 v1.34.5 @ BF-202311091243, 
06/01/24 10:09:46 v1.34.5 @ BF-202311091243, ****************************
06/01/24 10:09:46 v1.34.5 @ BF-202311091243, Starting factorization of 122719648746679660211272134136414102389555796575857405114496972248651220892565781331814993584484991300852578490929023084395318478514528533234617759712503439058334479192297581245539902950267201362675602085964421659147977335779128546965068649265419736053467523009673037723382969371523663674759921589944204926693
06/01/24 10:09:46 v1.34.5 @ BF-202311091243, using pretesting plan: normal
06/01/24 10:09:46 v1.34.5 @ BF-202311091243, no tune info: using qs/gnfs crossover of 95 digits
06/01/24 10:09:46 v1.34.5 @ BF-202311091243, ****************************
06/01/24 10:09:46 v1.34.5 @ BF-202311091243, Fermat method found factors:
06/01/24 10:09:46 v1.34.5 @ BF-202311091243, prp155 = 11077890085511755979659110327492351475443062778113645284455542893506768080495929351346530156720969755021338935044545256776544338408890311881437358607694219
06/01/24 10:09:46 v1.34.5 @ BF-202311091243, prp155 = 11077890085511755979659110327492351475443062778113645284455542893506768080495929351346530156720969755021338935044545256776544338408890311881437358607693647
06/01/24 10:09:46 v1.34.5 @ BF-202311091243, Total factoring time = 0.4906 seconds
06/01/24 10:44:12 v1.34.5 @ BF-202311091243, 
06/01/24 10:44:12 v1.34.5 @ BF-202311091243, ****************************
06/01/24 10:44:12 v1.34.5 @ BF-202311091243, Starting factorization of 26287684934288536371438030224508784042871268975402791015134838900290249602701092702492594931306572692868654436714501196060619149020850402317982203575250568283872182497606239389480186694649979877566740647822434500023605871516831662099415987589808614777313595453727243531121031390104059097782466650186291076316486240197369759537327997880644540629964227584070506981319936888159712058406052247256554081989035415864476278146328967410452695134756792942103209740186339835071828587981271027235499355298543650516643100665039796305276163706693873611519506528344413021878980171629732211592839945004800782325172828561339662590291
06/01/24 10:44:12 v1.34.5 @ BF-202311091243, using pretesting plan: normal
06/01/24 10:44:12 v1.34.5 @ BF-202311091243, no tune info: using qs/gnfs crossover of 95 digits
06/01/24 10:44:12 v1.34.5 @ BF-202311091243, ****************************
06/01/24 10:44:12 v1.34.5 @ BF-202311091243, rho: x^2 + 3, starting 1000 iterations on C617
06/01/24 10:44:12 v1.34.5 @ BF-202311091243, rho: x^2 + 2, starting 1000 iterations on C617
06/01/24 10:44:12 v1.34.5 @ BF-202311091243, rho: x^2 + 1, starting 1000 iterations on C617
06/01/24 10:44:12 v1.34.5 @ BF-202311091243, pm1: starting B1 = 150K, B2 = gmp-ecm default on C617
06/01/24 12:41:09 v1.34.5 @ BF-202311091243, 
06/01/24 12:41:09 v1.34.5 @ BF-202311091243, ****************************
06/01/24 12:41:09 v1.34.5 @ BF-202311091243, Starting factorization of 122719648746679660211272134136414102389555796575857405114496972248651220892565781331814993584484991300852578490929023084395318478514528533234617759712503439058334479192297581245539902950267201362675602085964421659147977335779128546965068649265419736053467523009673037723382969371523663674759921589944204926693
06/01/24 12:41:09 v1.34.5 @ BF-202311091243, using pretesting plan: normal
06/01/24 12:41:09 v1.34.5 @ BF-202311091243, no tune info: using qs/gnfs crossover of 95 digits
06/01/24 12:41:09 v1.34.5 @ BF-202311091243, ****************************
06/01/24 12:41:09 v1.34.5 @ BF-202311091243, Fermat method found factors:
06/01/24 12:41:10 v1.34.5 @ BF-202311091243, prp155 = 11077890085511755979659110327492351475443062778113645284455542893506768080495929351346530156720969755021338935044545256776544338408890311881437358607694219
06/01/24 12:41:10 v1.34.5 @ BF-202311091243, prp155 = 11077890085511755979659110327492351475443062778113645284455542893506768080495929351346530156720969755021338935044545256776544338408890311881437358607693647
06/01/24 12:41:10 v1.34.5 @ BF-202311091243, Total factoring time = 0.5111 seconds
06/01/24 15:07:04 v1.34.5 @ BF-202311091243, 
06/01/24 15:07:04 v1.34.5 @ BF-202311091243, ****************************
06/01/24 15:07:04 v1.34.5 @ BF-202311091243, Starting factorization of 169522900072954416356051647146585827691225327527086797334523482640452305793443986277933900273961829438217255938808371865341750200444086653241610669340348513884285892043530862971785487294831341653909852543469963032532560079879299447677636753647721541724969084825510405349373420839032990681851700075554428485967
06/01/24 15:07:04 v1.34.5 @ BF-202311091243, using pretesting plan: normal
06/01/24 15:07:04 v1.34.5 @ BF-202311091243, no tune info: using qs/gnfs crossover of 95 digits
06/01/24 15:07:04 v1.34.5 @ BF-202311091243, ****************************
06/01/24 15:07:04 v1.34.5 @ BF-202311091243, Fermat method found factors:
06/01/24 15:07:04 v1.34.5 @ BF-202311091243, prp155 = 13020096008592041728502941379320475635174025276449918470020161804469516198510912834732290273906913511909754142197503171935952441170521521729019672927534987
06/01/24 15:07:04 v1.34.5 @ BF-202311091243, prp155 = 13020096008592041728502941379320475635174025276449918470020161804469516198510912834732290273906913511909754142197503171935952441170521521729019672927534541
06/01/24 15:07:04 v1.34.5 @ BF-202311091243, Total factoring time = 0.4961 seconds
06/01/24 15:35:08 v1.34.5 @ BF-202311091243, 
06/01/24 15:35:08 v1.34.5 @ BF-202311091243, ****************************
06/01/24 15:35:08 v1.34.5 @ BF-202311091243, Starting factorization of 53779688736203933047434881701980151653423802317221115318252054349550528639605402386823698507644560099402835048990108944258111185574422278737617624691459404487383205558495742477348096557609903091073482529108655721238870718736876917084894146112572318162754496404262394399247602930119945411919174294508800616891
06/01/24 15:35:08 v1.34.5 @ BF-202311091243, using pretesting plan: normal
06/01/24 15:35:08 v1.34.5 @ BF-202311091243, no tune info: using qs/gnfs crossover of 95 digits
06/01/24 15:35:08 v1.34.5 @ BF-202311091243, ****************************
06/01/24 15:35:08 v1.34.5 @ BF-202311091243, rho: x^2 + 3, starting 1000 iterations on C308
06/01/24 15:35:08 v1.34.5 @ BF-202311091243, rho: x^2 + 2, starting 1000 iterations on C308
06/01/24 15:35:08 v1.34.5 @ BF-202311091243, rho: x^2 + 1, starting 1000 iterations on C308
06/01/24 15:35:08 v1.34.5 @ BF-202311091243, pm1: starting B1 = 150K, B2 = gmp-ecm default on C308
06/01/24 15:35:08 v1.34.5 @ BF-202311091243, current ECM pretesting depth: 0.00
06/01/24 15:35:08 v1.34.5 @ BF-202311091243, scheduled 30 curves at B1=2000 toward target pretesting depth of 94.77
06/01/24 15:35:08 v1.34.5 @ BF-202311091243, Finished 30 curves using Lenstra ECM method on C308 input, B1=2K, B2=gmp-ecm default
06/01/24 15:35:08 v1.34.5 @ BF-202311091243, current ECM pretesting depth: 15.18
06/01/24 15:35:08 v1.34.5 @ BF-202311091243, scheduled 74 curves at B1=11000 toward target pretesting depth of 94.77
06/01/24 15:35:14 v1.34.5 @ BF-202311091243, Finished 74 curves using Lenstra ECM method on C308 input, B1=11K, B2=gmp-ecm default
06/01/24 15:35:14 v1.34.5 @ BF-202311091243, current ECM pretesting depth: 20.24
06/01/24 15:35:14 v1.34.5 @ BF-202311091243, scheduled 214 curves at B1=50000 toward target pretesting depth of 94.77
06/01/24 15:36:16 v1.34.5 @ BF-202311091243, Finished 214 curves using Lenstra ECM method on C308 input, B1=50K, B2=gmp-ecm default
06/01/24 15:36:16 v1.34.5 @ BF-202311091243, pm1: starting B1 = 3750K, B2 = gmp-ecm default on C308
06/01/24 15:36:18 v1.34.5 @ BF-202311091243, current ECM pretesting depth: 25.33
06/01/24 15:36:18 v1.34.5 @ BF-202311091243, scheduled 430 curves at B1=250000 toward target pretesting depth of 94.77
06/01/24 15:45:51 v1.34.5 @ BF-202311091243, Finished 430 curves using Lenstra ECM method on C308 input, B1=250K, B2=gmp-ecm default
06/01/24 15:45:51 v1.34.5 @ BF-202311091243, pm1: starting B1 = 15M, B2 = gmp-ecm default on C308
06/01/24 15:46:00 v1.34.5 @ BF-202311091243, current ECM pretesting depth: 30.45
06/01/24 15:46:00 v1.34.5 @ BF-202311091243, scheduled 904 curves at B1=1000000 toward target pretesting depth of 94.77
06/01/24 19:44:37 v1.34.5 @ BF-202311091243, 
06/01/24 19:44:37 v1.34.5 @ BF-202311091243, ****************************
06/01/24 19:44:37 v1.34.5 @ BF-202311091243, Starting factorization of 122719648746679660211272134136414102389555796575857405114496972248651220892565781331814993584484991300852578490929023084395318478514528533234617759712503439058334479192297581245539902950267201362675602085964421659147977335779128546965068649265419736053467523009673037723382969371523663674759921589944204926693
06/01/24 19:44:37 v1.34.5 @ BF-202311091243, using pretesting plan: normal
06/01/24 19:44:37 v1.34.5 @ BF-202311091243, no tune info: using qs/gnfs crossover of 95 digits
06/01/24 19:44:37 v1.34.5 @ BF-202311091243, ****************************
06/01/24 19:44:37 v1.34.5 @ BF-202311091243, Fermat method found factors:
06/01/24 19:44:37 v1.34.5 @ BF-202311091243, prp155 = 11077890085511755979659110327492351475443062778113645284455542893506768080495929351346530156720969755021338935044545256776544338408890311881437358607694219
06/01/24 19:44:37 v1.34.5 @ BF-202311091243, prp155 = 11077890085511755979659110327492351475443062778113645284455542893506768080495929351346530156720969755021338935044545256776544338408890311881437358607693647
06/01/24 19:44:37 v1.34.5 @ BF-202311091243, Total factoring time = 0.4931 seconds
06/01/24 21:44:40 v1.34.5 @ BF-202311091243, 
06/01/24 21:44:40 v1.34.5 @ BF-202311091243, ****************************
06/01/24 21:44:40 v1.34.5 @ BF-202311091243, Starting factorization of 169522900072954416356051647146585827691225327527086797334523482640452305793443986277933900273961829438217255938808371865341750200444086653241610669340348513884285892043530862971785487294831341653909852543469963032532560079879299447677636753647721541724969084825510405349373420839032990681851700075554428485967
06/01/24 21:44:40 v1.34.5 @ BF-202311091243, using pretesting plan: normal
06/01/24 21:44:40 v1.34.5 @ BF-202311091243, no tune info: using qs/gnfs crossover of 95 digits
06/01/24 21:44:40 v1.34.5 @ BF-202311091243, ****************************
06/01/24 21:44:40 v1.34.5 @ BF-202311091243, Fermat method found factors:
06/01/24 21:44:40 v1.34.5 @ BF-202311091243, prp155 = 13020096008592041728502941379320475635174025276449918470020161804469516198510912834732290273906913511909754142197503171935952441170521521729019672927534987
06/01/24 21:44:41 v1.34.5 @ BF-202311091243, prp155 = 13020096008592041728502941379320475635174025276449918470020161804469516198510912834732290273906913511909754142197503171935952441170521521729019672927534541
06/01/24 21:44:41 v1.34.5 @ BF-202311091243, Total factoring time = 0.4991 seconds
06/02/24 15:44:14 v1.34.5 @ BF-202311091243, 
06/02/24 15:44:14 v1.34.5 @ BF-202311091243, ****************************
06/02/24 15:44:14 v1.34.5 @ BF-202311091243, Starting factorization of 17626392212279375795672017937809976432819563702015014286064950438576962829301599887424832742209378051687822421703316130192020970941676594734073337248659576926575409659609517516571173738767919910420753227081676651612998092451924002173008602428197941864705971469948068681614565308570894501692597579202715649837935866803849514492857112054684416002104812289864567355883456430042148145799939586951625034025707736407538180102611049391900268512837878848560854682228074168583637013599117615137668041018375469762511166636852906124939919673060420023287056647653925858064479788117341253962554259945839612998710315288660915390543
06/02/24 15:44:14 v1.34.5 @ BF-202311091243, using pretesting plan: normal
06/02/24 15:44:14 v1.34.5 @ BF-202311091243, no tune info: using qs/gnfs crossover of 95 digits
06/02/24 15:44:14 v1.34.5 @ BF-202311091243, ****************************
06/02/24 15:44:14 v1.34.5 @ BF-202311091243, rho: x^2 + 3, starting 1000 iterations on C617
06/02/24 15:44:14 v1.34.5 @ BF-202311091243, rho: x^2 + 2, starting 1000 iterations on C617
06/02/24 15:44:14 v1.34.5 @ BF-202311091243, rho: x^2 + 1, starting 1000 iterations on C617
06/02/24 15:44:14 v1.34.5 @ BF-202311091243, pm1: starting B1 = 150K, B2 = gmp-ecm default on C617
06/02/24 15:44:15 v1.34.5 @ BF-202311091243, current ECM pretesting depth: 0.00
06/02/24 15:44:15 v1.34.5 @ BF-202311091243, scheduled 30 curves at B1=2000 toward target pretesting depth of 189.85
06/02/24 15:44:16 v1.34.5 @ BF-202311091243, Finished 30 curves using Lenstra ECM method on C617 input, B1=2K, B2=gmp-ecm default
06/02/24 15:44:16 v1.34.5 @ BF-202311091243, current ECM pretesting depth: 15.18
06/02/24 15:44:16 v1.34.5 @ BF-202311091243, scheduled 74 curves at B1=11000 toward target pretesting depth of 189.85
06/02/24 15:44:32 v1.34.5 @ BF-202311091243, Finished 74 curves using Lenstra ECM method on C617 input, B1=11K, B2=gmp-ecm default
06/02/24 15:44:32 v1.34.5 @ BF-202311091243, current ECM pretesting depth: 20.24
06/02/24 15:44:32 v1.34.5 @ BF-202311091243, scheduled 214 curves at B1=50000 toward target pretesting depth of 189.85
06/02/24 15:47:49 v1.34.5 @ BF-202311091243, Finished 214 curves using Lenstra ECM method on C617 input, B1=50K, B2=gmp-ecm default
06/02/24 15:47:49 v1.34.5 @ BF-202311091243, pm1: starting B1 = 3750K, B2 = gmp-ecm default on C617
06/02/24 15:47:57 v1.34.5 @ BF-202311091243, current ECM pretesting depth: 25.33
06/02/24 15:47:57 v1.34.5 @ BF-202311091243, scheduled 430 curves at B1=250000 toward target pretesting depth of 189.85
06/02/24 16:19:07 v1.34.5 @ BF-202311091243, Finished 430 curves using Lenstra ECM method on C617 input, B1=250K, B2=gmp-ecm default
06/02/24 16:19:07 v1.34.5 @ BF-202311091243, pm1: starting B1 = 15M, B2 = gmp-ecm default on C617
06/02/24 16:19:38 v1.34.5 @ BF-202311091243, current ECM pretesting depth: 30.45
06/02/24 16:19:38 v1.34.5 @ BF-202311091243, scheduled 904 curves at B1=1000000 toward target pretesting depth of 189.85
06/02/24 19:27:36 v1.34.5 @ BF-202311091243, 
06/02/24 19:27:36 v1.34.5 @ BF-202311091243, ****************************
06/02/24 19:27:36 v1.34.5 @ BF-202311091243, Starting factorization of 74224694190378245570662914514197080111808324634781677418701441263524880254209023098028414752153116247558921852342579052620848368822288495663953364161190265839271585860352129564216547402136600849476321773029405114130903399735699724437227139229796496995834686374625593947966539751536221128712735603857178093087
06/02/24 19:27:36 v1.34.5 @ BF-202311091243, using pretesting plan: normal
06/02/24 19:27:36 v1.34.5 @ BF-202311091243, no tune info: using qs/gnfs crossover of 95 digits
06/02/24 19:27:36 v1.34.5 @ BF-202311091243, ****************************
06/02/24 19:27:36 v1.34.5 @ BF-202311091243, rho: x^2 + 3, starting 1000 iterations on C308
06/02/24 19:27:36 v1.34.5 @ BF-202311091243, rho: x^2 + 2, starting 1000 iterations on C308
06/02/24 19:27:36 v1.34.5 @ BF-202311091243, rho: x^2 + 1, starting 1000 iterations on C308
06/02/24 19:27:36 v1.34.5 @ BF-202311091243, pm1: starting B1 = 150K, B2 = gmp-ecm default on C308
06/02/24 19:27:36 v1.34.5 @ BF-202311091243, current ECM pretesting depth: 0.00
06/02/24 19:27:36 v1.34.5 @ BF-202311091243, scheduled 30 curves at B1=2000 toward target pretesting depth of 94.77
06/02/24 19:27:37 v1.34.5 @ BF-202311091243, Finished 30 curves using Lenstra ECM method on C308 input, B1=2K, B2=gmp-ecm default
06/02/24 19:27:37 v1.34.5 @ BF-202311091243, current ECM pretesting depth: 15.18
06/02/24 19:27:37 v1.34.5 @ BF-202311091243, scheduled 74 curves at B1=11000 toward target pretesting depth of 94.77
06/02/24 19:27:42 v1.34.5 @ BF-202311091243, Finished 74 curves using Lenstra ECM method on C308 input, B1=11K, B2=gmp-ecm default
06/02/24 19:27:42 v1.34.5 @ BF-202311091243, current ECM pretesting depth: 20.24
06/02/24 19:27:42 v1.34.5 @ BF-202311091243, scheduled 214 curves at B1=50000 toward target pretesting depth of 94.77
06/02/24 19:28:44 v1.34.5 @ BF-202311091243, Finished 214 curves using Lenstra ECM method on C308 input, B1=50K, B2=gmp-ecm default
06/02/24 19:28:44 v1.34.5 @ BF-202311091243, pm1: starting B1 = 3750K, B2 = gmp-ecm default on C308
06/02/24 19:28:46 v1.34.5 @ BF-202311091243, current ECM pretesting depth: 25.33
06/02/24 19:28:46 v1.34.5 @ BF-202311091243, scheduled 430 curves at B1=250000 toward target pretesting depth of 94.77
06/02/24 19:38:23 v1.34.5 @ BF-202311091243, Finished 430 curves using Lenstra ECM method on C308 input, B1=250K, B2=gmp-ecm default
06/02/24 19:38:23 v1.34.5 @ BF-202311091243, pm1: starting B1 = 15M, B2 = gmp-ecm default on C308
06/02/24 19:38:32 v1.34.5 @ BF-202311091243, current ECM pretesting depth: 30.45
06/02/24 19:38:32 v1.34.5 @ BF-202311091243, scheduled 904 curves at B1=1000000 toward target pretesting depth of 94.77
07/16/24 16:29:04 v1.34.5 @ BF-202311091243, 
07/16/24 16:29:04 v1.34.5 @ BF-202311091243, ****************************
07/16/24 16:29:04 v1.34.5 @ BF-202311091243, Starting factorization of 52147017298260357180329101776864095134806848020663558064141648200366079331962132411967917697877875277103045755972006084078559453777291403087575061382674872573336431876500128247133861957730154418461680506403680189755399752882558438393107151815794295272358955300914752523377417192504702798450787430403387076153
07/16/24 16:29:04 v1.34.5 @ BF-202311091243, using pretesting plan: normal
07/16/24 16:29:04 v1.34.5 @ BF-202311091243, no tune info: using qs/gnfs crossover of 95 digits
07/16/24 16:29:04 v1.34.5 @ BF-202311091243, ****************************
07/16/24 16:29:04 v1.34.5 @ BF-202311091243, Fermat method found factors:
07/16/24 16:29:04 v1.34.5 @ BF-202311091243, prp154 = 7221289171488727827673517139597844534869368289455419695964957239047692699919030405800116133805855968123601433247022090070114331842771417566928809956045093
07/16/24 16:29:04 v1.34.5 @ BF-202311091243, prp154 = 7221289171488727827673517139597844534869368289455419695964957239047692699919030405800116133805855968123601433247022090070114331842771417566928809956044421
07/16/24 16:29:04 v1.34.5 @ BF-202311091243, Total factoring time = 0.4621 seconds
07/16/24 16:32:53 v1.34.5 @ BF-202311091243, 
07/16/24 16:32:53 v1.34.5 @ BF-202311091243, ****************************
07/16/24 16:32:53 v1.34.5 @ BF-202311091243, Starting factorization of 134109481482703713214838023035418052567000870587160796935708584694132507394211363652420160931185332280406437290210512090663977634730864032370977407179731940068634536079284528020739988665713200815021342700369922518406968356455736393738946128013973643235228327971170711979683931964854563904980669850660628561419
07/16/24 16:32:53 v1.34.5 @ BF-202311091243, using pretesting plan: normal
07/16/24 16:32:53 v1.34.5 @ BF-202311091243, no tune info: using qs/gnfs crossover of 95 digits
07/16/24 16:32:53 v1.34.5 @ BF-202311091243, ****************************
07/16/24 16:32:54 v1.34.5 @ BF-202311091243, rho: x^2 + 3, starting 1000 iterations on C309
07/16/24 16:32:54 v1.34.5 @ BF-202311091243, rho: x^2 + 2, starting 1000 iterations on C309
07/16/24 16:32:54 v1.34.5 @ BF-202311091243, rho: x^2 + 1, starting 1000 iterations on C309
07/16/24 16:32:54 v1.34.5 @ BF-202311091243, pm1: starting B1 = 150K, B2 = gmp-ecm default on C309
07/16/24 16:32:54 v1.34.5 @ BF-202311091243, current ECM pretesting depth: 0.00
07/16/24 16:32:54 v1.34.5 @ BF-202311091243, scheduled 30 curves at B1=2000 toward target pretesting depth of 95.08
07/16/24 16:32:54 v1.34.5 @ BF-202311091243, Finished 30 curves using Lenstra ECM method on C309 input, B1=2K, B2=gmp-ecm default
07/16/24 16:32:54 v1.34.5 @ BF-202311091243, current ECM pretesting depth: 15.18
07/16/24 16:32:54 v1.34.5 @ BF-202311091243, scheduled 74 curves at B1=11000 toward target pretesting depth of 95.08
08/10/24 18:54:02 v1.34.5 @ BF-202311091243, 
08/10/24 18:54:02 v1.34.5 @ BF-202311091243, ****************************
08/10/24 18:54:02 v1.34.5 @ BF-202311091243, Starting factorization of 18920852552199568683862603789419838424348825344067007879518970244220995484061667491970278474013100464859199853038080061030237584353267635736241717581184802483498340171648257147974686295671666944002207188344325035425563660274699853645608765766139772741953948277222000015673047616
08/10/24 18:54:02 v1.34.5 @ BF-202311091243, using pretesting plan: normal
08/10/24 18:54:02 v1.34.5 @ BF-202311091243, no tune info: using qs/gnfs crossover of 95 digits
08/10/24 18:54:02 v1.34.5 @ BF-202311091243, ****************************
08/10/24 18:54:02 v1.34.5 @ BF-202311091243, 
08/10/24 18:54:02 v1.34.5 @ BF-202311091243, ****************************
08/10/24 18:54:02 v1.34.5 @ BF-202311091243, Starting factorization of 4349810634062081636800140028784532821535759239248117454389983291832454302278635954133886929853413914450692706075907398009224277656450630296
08/10/24 18:54:02 v1.34.5 @ BF-202311091243, using pretesting plan: normal
08/10/24 18:54:02 v1.34.5 @ BF-202311091243, no tune info: using qs/gnfs crossover of 95 digits
08/10/24 18:54:02 v1.34.5 @ BF-202311091243, ****************************
08/10/24 18:54:02 v1.34.5 @ BF-202311091243, div: found prime factor = 2
08/10/24 18:54:02 v1.34.5 @ BF-202311091243, div: found prime factor = 2
08/10/24 18:54:02 v1.34.5 @ BF-202311091243, div: found prime factor = 2
08/10/24 18:54:02 v1.34.5 @ BF-202311091243, div: found prime factor = 3
08/10/24 18:54:02 v1.34.5 @ BF-202311091243, div: found prime factor = 3
08/10/24 18:54:02 v1.34.5 @ BF-202311091243, div: found prime factor = 31
08/10/24 18:54:02 v1.34.5 @ BF-202311091243, div: found prime factor = 61
08/10/24 18:54:02 v1.34.5 @ BF-202311091243, div: found prime factor = 223
08/10/24 18:54:02 v1.34.5 @ BF-202311091243, div: found prime factor = 4013
08/10/24 18:54:02 v1.34.5 @ BF-202311091243, rho: x^2 + 3, starting 1000 iterations on C128
08/10/24 18:54:02 v1.34.5 @ BF-202311091243, rho: x^2 + 2, starting 1000 iterations on C128
08/10/24 18:54:02 v1.34.5 @ BF-202311091243, prp6 = 281317
08/10/24 18:54:02 v1.34.5 @ BF-202311091243, rho: x^2 + 2, starting 1000 iterations on C123
08/10/24 18:54:02 v1.34.5 @ BF-202311091243, prp7 = 4151351
08/10/24 18:54:02 v1.34.5 @ BF-202311091243, rho: x^2 + 2, starting 1000 iterations on C116
08/10/24 18:54:02 v1.34.5 @ BF-202311091243, rho: x^2 + 1, starting 1000 iterations on C116
08/10/24 18:54:02 v1.34.5 @ BF-202311091243, pm1: starting B1 = 150K, B2 = gmp-ecm default on C116
08/10/24 18:54:02 v1.34.5 @ BF-202311091243, prp13 = 5404604441993
08/10/24 18:54:02 v1.34.5 @ BF-202311091243, current ECM pretesting depth: 0.00
08/10/24 18:54:02 v1.34.5 @ BF-202311091243, scheduled 30 curves at B1=2000 toward target pretesting depth of 31.69
08/10/24 18:54:02 v1.34.5 @ BF-202311091243, c18 = 125750690907791473 (curve 1 stg2 B1=2000 sigma=1622038375 thread=0)
08/10/24 18:54:02 v1.34.5 @ BF-202311091243, Finished 1 curves using Lenstra ECM method on C103 input, B1=2K, B2=gmp-ecm default
08/10/24 18:54:02 v1.34.5 @ BF-202311091243, current ECM pretesting depth: 0.00
08/10/24 18:54:02 v1.34.5 @ BF-202311091243, scheduled 29 curves at B1=2000 toward target pretesting depth of 26.46
08/10/24 18:54:02 v1.34.5 @ BF-202311091243, prp14 = 26798471753993 (curve 28 stg2 B1=2000 sigma=4185106501 thread=0)
08/10/24 18:54:02 v1.34.5 @ BF-202311091243, Finished 28 curves using Lenstra ECM method on C86 input, B1=2K, B2=gmp-ecm default
08/10/24 18:54:02 v1.34.5 @ BF-202311091243, current ECM pretesting depth: 0.00
08/10/24 18:54:02 v1.34.5 @ BF-202311091243, scheduled 1 curves at B1=2000 toward target pretesting depth of 22.46
08/10/24 18:54:02 v1.34.5 @ BF-202311091243, Finished 1 curves using Lenstra ECM method on C73 input, B1=2K, B2=gmp-ecm default
08/10/24 18:54:02 v1.34.5 @ BF-202311091243, current ECM pretesting depth: 15.18
08/10/24 18:54:02 v1.34.5 @ BF-202311091243, scheduled 74 curves at B1=11000 toward target pretesting depth of 22.46
08/10/24 18:54:03 v1.34.5 @ BF-202311091243, Finished 74 curves using Lenstra ECM method on C73 input, B1=11K, B2=gmp-ecm default
08/10/24 18:54:03 v1.34.5 @ BF-202311091243, current ECM pretesting depth: 20.24
08/10/24 18:54:03 v1.34.5 @ BF-202311091243, scheduled 95 curves at B1=50000 toward target pretesting depth of 22.46
08/10/24 18:54:08 v1.34.5 @ BF-202311091243, Finished 95 curves using Lenstra ECM method on C73 input, B1=50K, B2=gmp-ecm default
08/10/24 18:54:08 v1.34.5 @ BF-202311091243, final ECM pretested depth: 22.46
08/10/24 18:54:08 v1.34.5 @ BF-202311091243, scheduler: switching to sieve method
08/10/24 18:54:08 v1.34.5 @ BF-202311091243, starting SIQS on c73: 1678427353174880271824779745809417324696946780677071058615596436245349153
08/10/24 18:54:08 v1.34.5 @ BF-202311091243, random seeds: 1829423750, 2510833483
08/10/24 18:54:08 v1.34.5 @ BF-202311091243, ==== sieve params ====
08/10/24 18:54:08 v1.34.5 @ BF-202311091243, n = 73 digits, 240 bits
08/10/24 18:54:08 v1.34.5 @ BF-202311091243, factor base: 19264 primes (max prime = 460643)
08/10/24 18:54:08 v1.34.5 @ BF-202311091243, single large prime cutoff: 34548225 (75 * pmax)
08/10/24 18:54:08 v1.34.5 @ BF-202311091243, allocating 6 large prime slices of factor base
08/10/24 18:54:08 v1.34.5 @ BF-202311091243, buckets hold 2048 elements
08/10/24 18:54:08 v1.34.5 @ BF-202311091243, using 32k sieve core
08/10/24 18:54:08 v1.34.5 @ BF-202311091243, sieve interval: 8 blocks of size 32768
08/10/24 18:54:08 v1.34.5 @ BF-202311091243, polynomial A has ~ 9 factors
08/10/24 18:54:08 v1.34.5 @ BF-202311091243, using multiplier of 1
08/10/24 18:54:08 v1.34.5 @ BF-202311091243, using SPV correction of 19 bits, starting at offset 31
08/10/24 18:54:08 v1.34.5 @ BF-202311091243, using SSE2 for trial division and x64 sieve scanning
08/10/24 18:54:08 v1.34.5 @ BF-202311091243, using SSE4.1 enabled 32k sieve core
08/10/24 18:54:08 v1.34.5 @ BF-202311091243, using SSE2 for resieving 13-16 bit primes
08/10/24 18:54:08 v1.34.5 @ BF-202311091243, trial factoring cutoff at 86 bits
08/10/24 18:54:08 v1.34.5 @ BF-202311091243, ==== sieving started (1 thread) ====
08/10/24 18:54:33 v1.34.5 @ BF-202311091243, trial division touched 1193627 sieve locations out of 23770693632
08/10/24 18:54:33 v1.34.5 @ BF-202311091243, 19382 relations found: 9794 full + 9588 from 97494 partial, using 45339 polys (356 A polys)
08/10/24 18:54:33 v1.34.5 @ BF-202311091243, on average, sieving found 2.37 rels/poly and 4234.79 rels/sec
08/10/24 18:54:33 v1.34.5 @ BF-202311091243, trial division touched 1193627 sieve locations out of 23770693632
08/10/24 18:54:33 v1.34.5 @ BF-202311091243, ==== post processing stage (msieve-1.38) ====
08/10/24 18:54:33 v1.34.5 @ BF-202311091243, begin with 107288 relations
08/10/24 18:54:33 v1.34.5 @ BF-202311091243, reduce to 27780 relations in 2 passes
08/10/24 18:54:33 v1.34.5 @ BF-202311091243, recovered 27780 relations
08/10/24 18:54:33 v1.34.5 @ BF-202311091243, recovered 20647 polynomials
08/10/24 18:54:33 v1.34.5 @ BF-202311091243, freed 5 duplicate relations
08/10/24 18:54:33 v1.34.5 @ BF-202311091243, attempting to build 19377 cycles
08/10/24 18:54:33 v1.34.5 @ BF-202311091243, found 19377 cycles in 1 passes
08/10/24 18:54:33 v1.34.5 @ BF-202311091243, distribution of cycle lengths:
08/10/24 18:54:33 v1.34.5 @ BF-202311091243,    length 1 : 9794
08/10/24 18:54:33 v1.34.5 @ BF-202311091243,    length 2 : 9583
08/10/24 18:54:33 v1.34.5 @ BF-202311091243, largest cycle: 2 relations
08/10/24 18:54:33 v1.34.5 @ BF-202311091243, matrix is 19264 x 19377 (2.6 MB) with weight 522624 (26.97/col)
08/10/24 18:54:33 v1.34.5 @ BF-202311091243, sparse part has weight 522624 (26.97/col)
08/10/24 18:54:33 v1.34.5 @ BF-202311091243, filtering completed in 4 passes
08/10/24 18:54:33 v1.34.5 @ BF-202311091243, matrix is 16955 x 17019 (2.2 MB) with weight 451616 (26.54/col)
08/10/24 18:54:33 v1.34.5 @ BF-202311091243, sparse part has weight 451616 (26.54/col)
08/10/24 18:54:33 v1.34.5 @ BF-202311091243, saving the first 48 matrix rows for later
08/10/24 18:54:33 v1.34.5 @ BF-202311091243, matrix is 16907 x 17019 (1.9 MB) with weight 370953 (21.80/col)
08/10/24 18:54:33 v1.34.5 @ BF-202311091243, sparse part has weight 336808 (19.79/col)
08/10/24 18:54:33 v1.34.5 @ BF-202311091243, matrix includes 64 packed rows
08/10/24 18:54:33 v1.34.5 @ BF-202311091243, commencing Lanczos iteration
08/10/24 18:54:33 v1.34.5 @ BF-202311091243, memory use: 2.6 MB
08/10/24 18:54:34 v1.34.5 @ BF-202311091243, lanczos halted after 269 iterations (dim = 16901)
08/10/24 18:54:34 v1.34.5 @ BF-202311091243, recovered 13 nontrivial dependencies
08/10/24 18:54:34 v1.34.5 @ BF-202311091243, prp44 = 64889106213996537255229963986303510188999911
08/10/24 18:54:34 v1.34.5 @ BF-202311091243, prp29 = 25866088332911027256931479223
08/10/24 18:54:34 v1.34.5 @ BF-202311091243, Lanczos elapsed time = 0.9000 seconds.
08/10/24 18:54:34 v1.34.5 @ BF-202311091243, Sqrt elapsed time = 0.0140 seconds.
08/10/24 18:54:34 v1.34.5 @ BF-202311091243, SIQS elapsed time = 26.2487 seconds.
08/10/24 18:54:34 v1.34.5 @ BF-202311091243, 
08/10/24 18:54:34 v1.34.5 @ BF-202311091243, 
08/10/24 18:54:34 v1.34.5 @ BF-202311091243, 
08/10/24 18:54:34 v1.34.5 @ BF-202311091243, ****************************
08/10/24 18:54:34 v1.34.5 @ BF-202311091243, Starting factorization of 125750690907791473
08/10/24 18:54:34 v1.34.5 @ BF-202311091243, using pretesting plan: normal
08/10/24 18:54:34 v1.34.5 @ BF-202311091243, no tune info: using qs/gnfs crossover of 95 digits
08/10/24 18:54:34 v1.34.5 @ BF-202311091243, ****************************
08/10/24 18:54:34 v1.34.5 @ BF-202311091243, Fermat method found factors:
08/10/24 18:54:34 v1.34.5 @ BF-202311091243, prp9 = 370523737
08/10/24 18:54:34 v1.34.5 @ BF-202311091243, prp9 = 339386329
08/10/24 18:54:34 v1.34.5 @ BF-202311091243, Total factoring time = 0.0050 seconds
08/10/24 18:54:34 v1.34.5 @ BF-202311091243, Total factoring time = 32.6462 seconds
08/10/24 18:54:34 v1.34.5 @ BF-202311091243, prp1 = 2
08/10/24 18:54:34 v1.34.5 @ BF-202311091243, prp1 = 2
08/10/24 18:54:34 v1.34.5 @ BF-202311091243, prp1 = 2
08/10/24 18:54:34 v1.34.5 @ BF-202311091243, prp1 = 2
08/10/24 18:54:34 v1.34.5 @ BF-202311091243, prp1 = 2
08/10/24 18:54:34 v1.34.5 @ BF-202311091243, prp1 = 2
08/10/24 18:54:34 v1.34.5 @ BF-202311091243, prp1 = 3
08/10/24 18:54:34 v1.34.5 @ BF-202311091243, prp1 = 3
08/10/24 18:54:34 v1.34.5 @ BF-202311091243, prp1 = 3
08/10/24 18:54:34 v1.34.5 @ BF-202311091243, prp1 = 3
08/10/24 18:54:34 v1.34.5 @ BF-202311091243, prp2 = 31
08/10/24 18:54:34 v1.34.5 @ BF-202311091243, prp2 = 31
08/10/24 18:54:34 v1.34.5 @ BF-202311091243, prp2 = 61
08/10/24 18:54:34 v1.34.5 @ BF-202311091243, prp2 = 61
08/10/24 18:54:34 v1.34.5 @ BF-202311091243, prp3 = 223
08/10/24 18:54:34 v1.34.5 @ BF-202311091243, prp3 = 223
08/10/24 18:54:34 v1.34.5 @ BF-202311091243, prp4 = 4013
08/10/24 18:54:34 v1.34.5 @ BF-202311091243, prp4 = 4013
08/10/24 18:54:34 v1.34.5 @ BF-202311091243, prp6 = 281317
08/10/24 18:54:34 v1.34.5 @ BF-202311091243, prp6 = 281317
08/10/24 18:54:34 v1.34.5 @ BF-202311091243, prp7 = 4151351
08/10/24 18:54:34 v1.34.5 @ BF-202311091243, prp7 = 4151351
08/10/24 18:54:34 v1.34.5 @ BF-202311091243, prp13 = 5404604441993
08/10/24 18:54:34 v1.34.5 @ BF-202311091243, prp13 = 5404604441993
08/10/24 18:54:34 v1.34.5 @ BF-202311091243, prp14 = 26798471753993
08/10/24 18:54:34 v1.34.5 @ BF-202311091243, prp14 = 26798471753993
08/10/24 18:54:34 v1.34.5 @ BF-202311091243, prp44 = 64889106213996537255229963986303510188999911
08/10/24 18:54:34 v1.34.5 @ BF-202311091243, prp44 = 64889106213996537255229963986303510188999911
08/10/24 18:54:34 v1.34.5 @ BF-202311091243, prp29 = 25866088332911027256931479223
08/10/24 18:54:34 v1.34.5 @ BF-202311091243, prp29 = 25866088332911027256931479223
08/10/24 18:54:34 v1.34.5 @ BF-202311091243, prp9 = 370523737
08/10/24 18:54:34 v1.34.5 @ BF-202311091243, prp9 = 370523737
08/10/24 18:54:34 v1.34.5 @ BF-202311091243, prp9 = 339386329
08/10/24 18:54:34 v1.34.5 @ BF-202311091243, prp9 = 339386329
08/10/24 18:54:34 v1.34.5 @ BF-202311091243, input is a perfect power
08/10/24 18:54:34 v1.34.5 @ BF-202311091243, prp1 = 2
08/10/24 18:54:34 v1.34.5 @ BF-202311091243, prp1 = 2
08/10/24 18:54:34 v1.34.5 @ BF-202311091243, prp1 = 2
08/10/24 18:54:34 v1.34.5 @ BF-202311091243, prp1 = 2
08/10/24 18:54:34 v1.34.5 @ BF-202311091243, prp1 = 2
08/10/24 18:54:34 v1.34.5 @ BF-202311091243, prp1 = 2
08/10/24 18:54:34 v1.34.5 @ BF-202311091243, prp1 = 3
08/10/24 18:54:34 v1.34.5 @ BF-202311091243, prp1 = 3
08/10/24 18:54:34 v1.34.5 @ BF-202311091243, prp1 = 3
08/10/24 18:54:34 v1.34.5 @ BF-202311091243, prp1 = 3
08/10/24 18:54:34 v1.34.5 @ BF-202311091243, prp2 = 31
08/10/24 18:54:34 v1.34.5 @ BF-202311091243, prp2 = 31
08/10/24 18:54:34 v1.34.5 @ BF-202311091243, prp2 = 61
08/10/24 18:54:34 v1.34.5 @ BF-202311091243, prp2 = 61
08/10/24 18:54:34 v1.34.5 @ BF-202311091243, prp3 = 223
08/10/24 18:54:34 v1.34.5 @ BF-202311091243, prp3 = 223
08/10/24 18:54:34 v1.34.5 @ BF-202311091243, prp4 = 4013
08/10/24 18:54:34 v1.34.5 @ BF-202311091243, prp4 = 4013
08/10/24 18:54:34 v1.34.5 @ BF-202311091243, prp6 = 281317
08/10/24 18:54:34 v1.34.5 @ BF-202311091243, prp6 = 281317
08/10/24 18:54:34 v1.34.5 @ BF-202311091243, prp7 = 4151351
08/10/24 18:54:34 v1.34.5 @ BF-202311091243, prp7 = 4151351
08/10/24 18:54:34 v1.34.5 @ BF-202311091243, prp13 = 5404604441993
08/10/24 18:54:34 v1.34.5 @ BF-202311091243, prp13 = 5404604441993
08/10/24 18:54:34 v1.34.5 @ BF-202311091243, prp14 = 26798471753993
08/10/24 18:54:34 v1.34.5 @ BF-202311091243, prp14 = 26798471753993
08/10/24 18:54:34 v1.34.5 @ BF-202311091243, prp44 = 64889106213996537255229963986303510188999911
08/10/24 18:54:34 v1.34.5 @ BF-202311091243, prp44 = 64889106213996537255229963986303510188999911
08/10/24 18:54:34 v1.34.5 @ BF-202311091243, prp29 = 25866088332911027256931479223
08/10/24 18:54:34 v1.34.5 @ BF-202311091243, prp29 = 25866088332911027256931479223
08/10/24 18:54:34 v1.34.5 @ BF-202311091243, prp9 = 370523737
08/10/24 18:54:34 v1.34.5 @ BF-202311091243, prp9 = 370523737
08/10/24 18:54:34 v1.34.5 @ BF-202311091243, prp9 = 339386329
08/10/24 18:54:34 v1.34.5 @ BF-202311091243, prp9 = 339386329
