05/05/24 08:30:57 v1.34.5 @ BF-202311091243, System/Build Info: 
Using GMP-ECM 6.3, Powered by GMP 5.1.1
cached 78498 primes. pmax = 999983
detected AMD Ryzen 5 5600 6-Core Processor              
detected L1 = 32768 bytes, L2 = 33554432 bytes, CL = 64 bytes
measured cpu frequency ~= 3463.122800
using 20 random witnesses for Rabin-Miller PRP checks

05/05/24 08:30:57 v1.34.5 @ BF-202311091243, New random seeds: 829674147, 531246120

05/05/24 08:30:57 v1.34.5 @ BF-202311091243, Processing expression: factor(23333333333333)

05/05/24 08:32:29 v1.34.5 @ BF-202311091243, System/Build Info: 
Using GMP-ECM 6.3, Powered by GMP 5.1.1
cached 78498 primes. pmax = 999983
detected AMD Ryzen 5 5600 6-Core Processor              
detected L1 = 32768 bytes, L2 = 33554432 bytes, CL = 64 bytes
measured cpu frequency ~= 3481.085320
using 20 random witnesses for Rabin-Miller PRP checks

05/05/24 08:32:29 v1.34.5 @ BF-202311091243, New random seeds: 543783148, 3730618944

05/05/24 08:32:29 v1.34.5 @ BF-202311091243, Processing expression: factor(23333333333333)

06/01/24 10:09:29 v1.34.5 @ BF-202311091243, System/Build Info: 
Using GMP-ECM 6.3, Powered by GMP 5.1.1
cached 78498 primes. pmax = 999983
detected AMD Ryzen 5 5600 6-Core Processor              
detected L1 = 32768 bytes, L2 = 33554432 bytes, CL = 64 bytes
measured cpu frequency ~= 3495.667350
using 20 random witnesses for Rabin-Miller PRP checks

06/01/24 10:09:29 v1.34.5 @ BF-202311091243, New random seeds: 778461272, 4108505328

06/01/24 10:09:39 v1.34.5 @ BF-202311091243, System/Build Info: 
Using GMP-ECM 6.3, Powered by GMP 5.1.1
cached 78498 primes. pmax = 999983
detected AMD Ryzen 5 5600 6-Core Processor              
detected L1 = 32768 bytes, L2 = 33554432 bytes, CL = 64 bytes
measured cpu frequency ~= 3481.660890
using 20 random witnesses for Rabin-Miller PRP checks

06/01/24 10:09:39 v1.34.5 @ BF-202311091243, New random seeds: 448306580, 1352832080

06/01/24 10:09:46 v1.34.5 @ BF-202311091243, System/Build Info: 
Using GMP-ECM 6.3, Powered by GMP 5.1.1
cached 78498 primes. pmax = 999983
detected AMD Ryzen 5 5600 6-Core Processor              
detected L1 = 32768 bytes, L2 = 33554432 bytes, CL = 64 bytes
measured cpu frequency ~= 3485.376650
using 20 random witnesses for Rabin-Miller PRP checks

06/01/24 10:09:46 v1.34.5 @ BF-202311091243, New random seeds: 983777252, 2648276816

06/01/24 10:09:46 v1.34.5 @ BF-202311091243, Processing expression: factor(122719648746679660211272134136414102389555796575857405114496972248651220892565781331814993584484991300852578490929023084395318478514528533234617759712503439058334479192297581245539902950267201362675602085964421659147977335779128546965068649265419736053467523009673037723382969371523663674759921589944204926693)

06/01/24 10:44:12 v1.34.5 @ BF-202311091243, System/Build Info: 
Using GMP-ECM 6.3, Powered by GMP 5.1.1
cached 78498 primes. pmax = 999983
detected AMD Ryzen 5 5600 6-Core Processor              
detected L1 = 32768 bytes, L2 = 33554432 bytes, CL = 64 bytes
measured cpu frequency ~= 3491.371960
using 20 random witnesses for Rabin-Miller PRP checks

06/01/24 10:44:12 v1.34.5 @ BF-202311091243, New random seeds: 1622627626, 4281836284

06/01/24 10:44:12 v1.34.5 @ BF-202311091243, Processing expression: factor(26287684934288536371438030224508784042871268975402791015134838900290249602701092702492594931306572692868654436714501196060619149020850402317982203575250568283872182497606239389480186694649979877566740647822434500023605871516831662099415987589808614777313595453727243531121031390104059097782466650186291076316486240197369759537327997880644540629964227584070506981319936888159712058406052247256554081989035415864476278146328967410452695134756792942103209740186339835071828587981271027235499355298543650516643100665039796305276163706693873611519506528344413021878980171629732211592839945004800782325172828561339662590291)

06/01/24 12:41:09 v1.34.5 @ BF-202311091243, System/Build Info: 
Using GMP-ECM 6.3, Powered by GMP 5.1.1
cached 78498 primes. pmax = 999983
detected AMD Ryzen 5 5600 6-Core Processor              
detected L1 = 32768 bytes, L2 = 33554432 bytes, CL = 64 bytes
measured cpu frequency ~= 3471.883450
using 20 random witnesses for Rabin-Miller PRP checks

06/01/24 12:41:09 v1.34.5 @ BF-202311091243, New random seeds: 1308683439, 79689056

06/01/24 12:41:09 v1.34.5 @ BF-202311091243, Processing expression: factor(122719648746679660211272134136414102389555796575857405114496972248651220892565781331814993584484991300852578490929023084395318478514528533234617759712503439058334479192297581245539902950267201362675602085964421659147977335779128546965068649265419736053467523009673037723382969371523663674759921589944204926693)

06/01/24 15:07:04 v1.34.5 @ BF-202311091243, System/Build Info: 
Using GMP-ECM 6.3, Powered by GMP 5.1.1
cached 78498 primes. pmax = 999983
detected AMD Ryzen 5 5600 6-Core Processor              
detected L1 = 32768 bytes, L2 = 33554432 bytes, CL = 64 bytes
measured cpu frequency ~= 3471.034000
using 20 random witnesses for Rabin-Miller PRP checks

06/01/24 15:07:04 v1.34.5 @ BF-202311091243, New random seeds: 344689021, 1586016304

06/01/24 15:07:04 v1.34.5 @ BF-202311091243, Processing expression: factor(169522900072954416356051647146585827691225327527086797334523482640452305793443986277933900273961829438217255938808371865341750200444086653241610669340348513884285892043530862971785487294831341653909852543469963032532560079879299447677636753647721541724969084825510405349373420839032990681851700075554428485967)

06/01/24 15:35:08 v1.34.5 @ BF-202311091243, System/Build Info: 
Using GMP-ECM 6.3, Powered by GMP 5.1.1
cached 78498 primes. pmax = 999983
detected AMD Ryzen 5 5600 6-Core Processor              
detected L1 = 32768 bytes, L2 = 33554432 bytes, CL = 64 bytes
measured cpu frequency ~= 3479.235040
using 20 random witnesses for Rabin-Miller PRP checks

06/01/24 15:35:08 v1.34.5 @ BF-202311091243, New random seeds: 3700927475, 1923888028

06/01/24 15:35:08 v1.34.5 @ BF-202311091243, Processing expression: factor(53779688736203933047434881701980151653423802317221115318252054349550528639605402386823698507644560099402835048990108944258111185574422278737617624691459404487383205558495742477348096557609903091073482529108655721238870718736876917084894146112572318162754496404262394399247602930119945411919174294508800616891)

06/01/24 19:44:37 v1.34.5 @ BF-202311091243, System/Build Info: 
Using GMP-ECM 6.3, Powered by GMP 5.1.1
cached 78498 primes. pmax = 999983
detected AMD Ryzen 5 5600 6-Core Processor              
detected L1 = 32768 bytes, L2 = 33554432 bytes, CL = 64 bytes
measured cpu frequency ~= 3492.436500
using 20 random witnesses for Rabin-Miller PRP checks

06/01/24 19:44:37 v1.34.5 @ BF-202311091243, New random seeds: 1160909436, 2572212776

06/01/24 19:44:37 v1.34.5 @ BF-202311091243, Processing expression: factor(122719648746679660211272134136414102389555796575857405114496972248651220892565781331814993584484991300852578490929023084395318478514528533234617759712503439058334479192297581245539902950267201362675602085964421659147977335779128546965068649265419736053467523009673037723382969371523663674759921589944204926693)

06/01/24 21:44:40 v1.34.5 @ BF-202311091243, System/Build Info: 
Using GMP-ECM 6.3, Powered by GMP 5.1.1
cached 78498 primes. pmax = 999983
detected AMD Ryzen 5 5600 6-Core Processor              
detected L1 = 32768 bytes, L2 = 33554432 bytes, CL = 64 bytes
measured cpu frequency ~= 3482.197090
using 20 random witnesses for Rabin-Miller PRP checks

06/01/24 21:44:40 v1.34.5 @ BF-202311091243, New random seeds: 3710887521, 1831327680

06/01/24 21:44:40 v1.34.5 @ BF-202311091243, Processing expression: factor(169522900072954416356051647146585827691225327527086797334523482640452305793443986277933900273961829438217255938808371865341750200444086653241610669340348513884285892043530862971785487294831341653909852543469963032532560079879299447677636753647721541724969084825510405349373420839032990681851700075554428485967)

06/02/24 15:44:14 v1.34.5 @ BF-202311091243, System/Build Info: 
Using GMP-ECM 6.3, Powered by GMP 5.1.1
cached 78498 primes. pmax = 999983
detected AMD Ryzen 5 5600 6-Core Processor              
detected L1 = 32768 bytes, L2 = 33554432 bytes, CL = 64 bytes
measured cpu frequency ~= 3485.591020
using 20 random witnesses for Rabin-Miller PRP checks

06/02/24 15:44:14 v1.34.5 @ BF-202311091243, New random seeds: 1041436474, 3356860912

06/02/24 19:27:36 v1.34.5 @ BF-202311091243, System/Build Info: 
Using GMP-ECM 6.3, Powered by GMP 5.1.1
cached 78498 primes. pmax = 999983
detected AMD Ryzen 5 5600 6-Core Processor              
detected L1 = 32768 bytes, L2 = 33554432 bytes, CL = 64 bytes
measured cpu frequency ~= 3461.452050
using 20 random witnesses for Rabin-Miller PRP checks

06/02/24 19:27:36 v1.34.5 @ BF-202311091243, New random seeds: 359496333, 1684465064

06/02/24 19:27:36 v1.34.5 @ BF-202311091243, Processing expression: factor(74224694190378245570662914514197080111808324634781677418701441263524880254209023098028414752153116247558921852342579052620848368822288495663953364161190265839271585860352129564216547402136600849476321773029405114130903399735699724437227139229796496995834686374625593947966539751536221128712735603857178093087)

07/16/24 16:29:04 v1.34.5 @ BF-202311091243, System/Build Info: 
Using GMP-ECM 6.3, Powered by GMP 5.1.1
cached 78498 primes. pmax = 999983
detected AMD Ryzen 5 5600 6-Core Processor              
detected L1 = 32768 bytes, L2 = 33554432 bytes, CL = 64 bytes
measured cpu frequency ~= 3480.195600
using 20 random witnesses for Rabin-Miller PRP checks

07/16/24 16:29:04 v1.34.5 @ BF-202311091243, New random seeds: 4258776376, 2332180872

07/16/24 16:29:04 v1.34.5 @ BF-202311091243, Processing expression: factor(52147017298260357180329101776864095134806848020663558064141648200366079331962132411967917697877875277103045755972006084078559453777291403087575061382674872573336431876500128247133861957730154418461680506403680189755399752882558438393107151815794295272358955300914752523377417192504702798450787430403387076153)

07/16/24 16:32:53 v1.34.5 @ BF-202311091243, System/Build Info: 
Using GMP-ECM 6.3, Powered by GMP 5.1.1
cached 78498 primes. pmax = 999983
detected AMD Ryzen 5 5600 6-Core Processor              
detected L1 = 32768 bytes, L2 = 33554432 bytes, CL = 64 bytes
measured cpu frequency ~= 3461.982300
using 20 random witnesses for Rabin-Miller PRP checks

07/16/24 16:32:53 v1.34.5 @ BF-202311091243, New random seeds: 517574200, 4037238752

07/16/24 16:32:53 v1.34.5 @ BF-202311091243, Processing expression: factor(134109481482703713214838023035418052567000870587160796935708584694132507394211363652420160931185332280406437290210512090663977634730864032370977407179731940068634536079284528020739988665713200815021342700369922518406968356455736393738946128013973643235228327971170711979683931964854563904980669850660628561419)

08/10/24 18:54:02 v1.34.5 @ BF-202311091243, System/Build Info: 
Using GMP-ECM 6.3, Powered by GMP 5.1.1
cached 78498 primes. pmax = 999983
detected AMD Ryzen 5 5600 6-Core Processor              
detected L1 = 32768 bytes, L2 = 33554432 bytes, CL = 64 bytes
measured cpu frequency ~= 3478.079990
using 20 random witnesses for Rabin-Miller PRP checks

08/10/24 18:54:02 v1.34.5 @ BF-202311091243, New random seeds: 3955673734, 641516848

08/10/24 18:54:02 v1.34.5 @ BF-202311091243, Processing expression: factor(18920852552199568683862603789419838424348825344067007879518970244220995484061667491970278474013100464859199853038080061030237584353267635736241717581184802483498340171648257147974686295671666944002207188344325035425563660274699853645608765766139772741953948277222000015673047616)

